260722215046972 ThreadServer.run()	INFO: (1) > Thread waiting for new client....
260722215055223 ThreadServer.run()	INFO: (1) > Thread Accepting connection >
260722215055239 Request.getData()	INFO: (1) request: [GET / HTTP/1.1, Host: localhost:1000, User-Agent: Mozilla/5.0 (Windows NT 10.0; Win64; x64; rv:152.0) Gecko/20100101 Firefox/152.0, Accept: text/html,application/xhtml+xml,application/xml;q=0.9,*/*;q=0.8, Accept-Language: en-US,en;q=0.9, Accept-Encoding: gzip, deflate, br, zstd, Referer: http://localhost:1000/test02, DNT: 1, Sec-GPC: 1, Connection: keep-alive, Upgrade-Insecure-Requests: 1, Sec-Fetch-Dest: document, Sec-Fetch-Mode: navigate, Sec-Fetch-Site: same-origin, Sec-Fetch-User: ?1, Priority: u=0, i, ]
260722215055349 Response.sendData()	INFO: (1) response: [HTTP/1.1 200 OK, Content-Type: text/html, ClaseCC8: Alumnos, Content-Length: 667, , <!DOCTYPE html>
<html lang="es">
<head>
    <meta charset="UTF-8">
    <meta name="viewport" content="width=device-width, initial-scale=1.0">
    <title>Lab HTTP</title>
    <style>
        body {
            text-align: center;
            font-size: 1.8em;
        }
     </style>
</head>
<body>
    <h1>Pruebas de Web Server</h1>
    <p>Test 1: <a href="test01/">HTML Simple con Media</a></p>
    <p>Test 2: <a href="test02/">Formularios GET/POST con enctype</a></p>
    <p>Test 3: <a href="test03/">Página Web Completa</a></p>
    <br>
    <p>
        El servidor cambió esto y agregó un número aleatorio: 315
    </p>
</body>
</html>
]
260722215055401 Response.sendData()	INFO: (1) request: GET / HTTP/1.1 || Host: localhost:1000 || User-Agent: Mozilla/5.0 (Windows NT 10.0; Win64; x64; rv:152.0) Gecko/20100101 Firefox/152.0 || Accept: text/html,application/xhtml+xml,application/xml;q=0.9,*/*;q=0.8 || Accept-Language: en-US,en;q=0.9 || Accept-Encoding: gzip, deflate, br, zstd || Referer: http://localhost:1000/test02 || DNT: 1 || Sec-GPC: 1 || Connection: keep-alive || Upgrade-Insecure-Requests: 1 || Sec-Fetch-Dest: document || Sec-Fetch-Mode: navigate || Sec-Fetch-Site: same-origin || Sec-Fetch-User: ?1 || Priority: u=0, i || 
260722215055430 ThreadServer.run()	INFO: (1) > Thread :: Time: 185 milliseconds
260722215055457 ThreadServer.run()	INFO: (1) > END #
260722215100511 ThreadServer.run()	INFO: (1) > Thread waiting for new client....
